{"timestamp": "2026-03-30T09:38:16.702553+00:00", "level": "DEBUG", "module": "parser", "message": "Parsed Java class: com.bank.trade.TradeProcessor (2 methods)", "class_name": "com.bank.trade.TradeProcessor"}
{"timestamp": "2026-03-30T09:38:16.704071+00:00", "level": "DEBUG", "module": "parser", "message": "Parsed Java class: com.bank.trade.service.TradeService (1 methods)", "class_name": "com.bank.trade.service.TradeService"}
{"timestamp": "2026-03-30T09:38:16.704568+00:00", "level": "DEBUG", "module": "parser", "message": "Parsed Java class: com.bank.common.FieldNames (1 methods)", "class_name": "com.bank.common.FieldNames"}
{"timestamp": "2026-03-30T09:38:16.705361+00:00", "level": "DEBUG", "module": "parser", "message": "Parsed Java class: com.bank.common.MessageKey (1 methods)", "class_name": "com.bank.common.MessageKey"}
{"timestamp": "2026-03-30T09:38:16.705965+00:00", "level": "DEBUG", "module": "parser", "message": "Parsed Java class: com.acme.fields.MessageKey (0 methods)", "class_name": "com.acme.fields.MessageKey"}
{"timestamp": "2026-03-30T09:38:16.707040+00:00", "level": "DEBUG", "module": "parser", "message": "Parsed Java class: com.acme.transform.TransformHelper (3 methods)", "class_name": "com.acme.transform.TransformHelper"}
{"timestamp": "2026-03-30T09:38:16.707762+00:00", "level": "DEBUG", "module": "parser", "message": "Parsed Java class: com.acme.app.settlement.SettlementProcessor (1 methods)", "class_name": "com.acme.app.settlement.SettlementProcessor"}
{"timestamp": "2026-03-30T09:38:16.709192+00:00", "level": "DEBUG", "module": "parser", "message": "Parsed Java class: com.acme.app.trade.TradeService (1 methods)", "class_name": "com.acme.app.trade.TradeService"}
{"timestamp": "2026-03-30T09:38:16.709808+00:00", "level": "DEBUG", "module": "parser", "message": "Parsed XSLT: ./tests/fixtures/sample/xslt/trade_transform.xsl (2 templates, 0 imports)"}
{"timestamp": "2026-03-30T09:38:16.709972+00:00", "level": "DEBUG", "module": "parser", "message": "Parsed XSLT: ./tests/fixtures/multi-repo/app-trade/xslt/trade_output.xsl (1 templates, 0 imports)"}
{"timestamp": "2026-03-30T09:38:16.710102+00:00", "level": "DEBUG", "module": "parser", "message": "Parsed XSLT: ./tests/fixtures/app-with-libs/main-app/settlement-module/src/main/resources/xslt/settlement_output.xsl (1 templates, 0 imports)"}
{"timestamp": "2026-03-30T09:38:16.710243+00:00", "level": "DEBUG", "module": "parser", "message": "Parsed XSLT: ./tests/fixtures/app-with-libs/main-app/trade-module/src/main/resources/xslt/trade_mapping.xsl (1 templates, 0 imports)"}
{"timestamp": "2026-03-30T10:46:47.016430+00:00", "level": "DEBUG", "module": "parser", "message": "Parsed Java class: com.xxx.clearing.ClearingService (2 methods)", "class_name": "com.xxx.clearing.ClearingService"}
{"timestamp": "2026-03-30T10:46:47.017388+00:00", "level": "DEBUG", "module": "parser", "message": "Parsed Java class: com.xxx.helper.ClearingHelper (2 methods)", "class_name": "com.xxx.helper.ClearingHelper"}
{"timestamp": "2026-03-30T10:46:47.020032+00:00", "level": "DEBUG", "module": "parser", "message": "Parsed Java class: com.xxx.model.ClearingReport (8 methods)", "class_name": "com.xxx.model.ClearingReport"}
{"timestamp": "2026-03-30T10:46:47.020283+00:00", "level": "DEBUG", "module": "parser", "message": "Parsed Java class: com.xxx.rules.ClearingRulesEngine (1 methods)", "class_name": "com.xxx.rules.ClearingRulesEngine"}
{"timestamp": "2026-03-30T10:46:47.020707+00:00", "level": "DEBUG", "module": "parser", "message": "Parsed XSLT: /var/folders/c3/h4gsm_456jl_7887z1q79n1h0000gn/T/synapse_trace_test_0igbfqz5/src/main/resources/xslt/clearing_transform.xsl (4 templates, 0 imports)"}
{"timestamp": "2026-03-30T10:46:47.025016+00:00", "level": "DEBUG", "module": "parser", "message": "Parsed Java class: com.xxx.clearing.ClearingService (2 methods)", "class_name": "com.xxx.clearing.ClearingService"}
{"timestamp": "2026-03-30T10:46:47.025845+00:00", "level": "DEBUG", "module": "parser", "message": "Parsed Java class: com.xxx.helper.ClearingHelper (2 methods)", "class_name": "com.xxx.helper.ClearingHelper"}
{"timestamp": "2026-03-30T10:46:47.028662+00:00", "level": "DEBUG", "module": "parser", "message": "Parsed Java class: com.xxx.model.ClearingReport (8 methods)", "class_name": "com.xxx.model.ClearingReport"}
{"timestamp": "2026-03-30T10:46:47.028941+00:00", "level": "DEBUG", "module": "parser", "message": "Parsed Java class: com.xxx.rules.ClearingRulesEngine (1 methods)", "class_name": "com.xxx.rules.ClearingRulesEngine"}
{"timestamp": "2026-03-30T10:46:47.029261+00:00", "level": "DEBUG", "module": "parser", "message": "Parsed XSLT: /var/folders/c3/h4gsm_456jl_7887z1q79n1h0000gn/T/synapse_trace_test_0igbfqz5/src/main/resources/xslt/clearing_transform.xsl (4 templates, 0 imports)"}
{"timestamp": "2026-03-30T10:49:02.845269+00:00", "level": "DEBUG", "module": "parser", "message": "Parsed Java class: com.xxx.clearing.ClearingService (2 methods)", "class_name": "com.xxx.clearing.ClearingService"}
{"timestamp": "2026-03-30T10:49:02.846248+00:00", "level": "DEBUG", "module": "parser", "message": "Parsed Java class: com.xxx.helper.ClearingHelper (2 methods)", "class_name": "com.xxx.helper.ClearingHelper"}
{"timestamp": "2026-03-30T10:49:02.848873+00:00", "level": "DEBUG", "module": "parser", "message": "Parsed Java class: com.xxx.model.ClearingReport (8 methods)", "class_name": "com.xxx.model.ClearingReport"}
{"timestamp": "2026-03-30T10:49:02.849131+00:00", "level": "DEBUG", "module": "parser", "message": "Parsed Java class: com.xxx.rules.ClearingRulesEngine (1 methods)", "class_name": "com.xxx.rules.ClearingRulesEngine"}
{"timestamp": "2026-03-30T10:49:02.849518+00:00", "level": "DEBUG", "module": "parser", "message": "Parsed XSLT: /var/folders/c3/h4gsm_456jl_7887z1q79n1h0000gn/T/synapse_trace_test_jw3grf8d/src/main/resources/xslt/clearing_transform.xsl (4 templates, 0 imports)"}
{"timestamp": "2026-03-30T10:49:02.853860+00:00", "level": "DEBUG", "module": "parser", "message": "Parsed Java class: com.xxx.clearing.ClearingService (2 methods)", "class_name": "com.xxx.clearing.ClearingService"}
{"timestamp": "2026-03-30T10:49:02.854652+00:00", "level": "DEBUG", "module": "parser", "message": "Parsed Java class: com.xxx.helper.ClearingHelper (2 methods)", "class_name": "com.xxx.helper.ClearingHelper"}
{"timestamp": "2026-03-30T10:49:02.857243+00:00", "level": "DEBUG", "module": "parser", "message": "Parsed Java class: com.xxx.model.ClearingReport (8 methods)", "class_name": "com.xxx.model.ClearingReport"}
{"timestamp": "2026-03-30T10:49:02.857495+00:00", "level": "DEBUG", "module": "parser", "message": "Parsed Java class: com.xxx.rules.ClearingRulesEngine (1 methods)", "class_name": "com.xxx.rules.ClearingRulesEngine"}
{"timestamp": "2026-03-30T10:49:02.857779+00:00", "level": "DEBUG", "module": "parser", "message": "Parsed XSLT: /var/folders/c3/h4gsm_456jl_7887z1q79n1h0000gn/T/synapse_trace_test_jw3grf8d/src/main/resources/xslt/clearing_transform.xsl (4 templates, 0 imports)"}
{"timestamp": "2026-03-30T14:04:31.114933+00:00", "level": "DEBUG", "module": "parser", "message": "Parsed Java class: com.xxx.clearing.ClearingService (1 methods)", "class_name": "com.xxx.clearing.ClearingService"}
{"timestamp": "2026-03-30T14:04:31.115309+00:00", "level": "DEBUG", "module": "parser", "message": "Parsed Java class: com.xxx.model.ClearingReport (2 methods)", "class_name": "com.xxx.model.ClearingReport"}
{"timestamp": "2026-03-30T14:04:31.115609+00:00", "level": "DEBUG", "module": "parser", "message": "Parsed XSLT: /var/folders/c3/h4gsm_456jl_7887z1q79n1h0000gn/T/dl_test_z836xlb5/src/main/resources/xslt/clearing.xsl (2 templates, 0 imports)"}
{"timestamp": "2026-03-30T14:23:32.352966+00:00", "level": "DEBUG", "module": "parser", "message": "Parsed Java class: com.xxx.clearing.ClearingService (1 methods)", "class_name": "com.xxx.clearing.ClearingService"}
{"timestamp": "2026-03-30T14:23:32.353354+00:00", "level": "DEBUG", "module": "parser", "message": "Parsed Java class: com.xxx.model.ClearingReport (2 methods)", "class_name": "com.xxx.model.ClearingReport"}
{"timestamp": "2026-03-30T14:23:32.353707+00:00", "level": "DEBUG", "module": "parser", "message": "Parsed XSLT: /var/folders/c3/h4gsm_456jl_7887z1q79n1h0000gn/T/dl_test_qc1nawea/src/main/resources/xslt/clearing.xsl (2 templates, 0 imports)"}
{"timestamp": "2026-03-30T14:24:00.689544+00:00", "level": "DEBUG", "module": "parser", "message": "Parsed Java class: com.xxx.clearing.ClearingService (1 methods)", "class_name": "com.xxx.clearing.ClearingService"}
{"timestamp": "2026-03-30T14:24:00.689822+00:00", "level": "DEBUG", "module": "parser", "message": "Parsed Java class: com.xxx.model.ClearingReport (2 methods)", "class_name": "com.xxx.model.ClearingReport"}
{"timestamp": "2026-03-30T14:24:00.690107+00:00", "level": "DEBUG", "module": "parser", "message": "Parsed XSLT: /var/folders/c3/h4gsm_456jl_7887z1q79n1h0000gn/T/dl_test_jv9ci10d/src/main/resources/xslt/clearing.xsl (2 templates, 0 imports)"}
{"timestamp": "2026-03-30T14:25:18.379818+00:00", "level": "DEBUG", "module": "parser", "message": "Parsed Java class: com.xxx.clearing.ClearingService (1 methods)", "class_name": "com.xxx.clearing.ClearingService"}
{"timestamp": "2026-03-30T14:25:18.380095+00:00", "level": "DEBUG", "module": "parser", "message": "Parsed Java class: com.xxx.model.ClearingReport (2 methods)", "class_name": "com.xxx.model.ClearingReport"}
{"timestamp": "2026-03-30T14:25:18.380370+00:00", "level": "DEBUG", "module": "parser", "message": "Parsed XSLT: /var/folders/c3/h4gsm_456jl_7887z1q79n1h0000gn/T/dl_test_ay_vuz3z/src/main/resources/xslt/clearing.xsl (2 templates, 0 imports)"}
{"timestamp": "2026-03-30T14:32:26.196113+00:00", "level": "DEBUG", "module": "parser", "message": "Parsed Java class: com.xxx.clearing.ClearingService (1 methods)", "class_name": "com.xxx.clearing.ClearingService"}
{"timestamp": "2026-03-30T14:32:26.196405+00:00", "level": "DEBUG", "module": "parser", "message": "Parsed Java class: com.xxx.model.ClearingReport (2 methods)", "class_name": "com.xxx.model.ClearingReport"}
{"timestamp": "2026-03-30T14:32:26.196708+00:00", "level": "DEBUG", "module": "parser", "message": "Parsed XSLT: /var/folders/c3/h4gsm_456jl_7887z1q79n1h0000gn/T/dl_test_wd5zi4o1/src/main/resources/xslt/clearing.xsl (2 templates, 0 imports)"}
{"timestamp": "2026-03-30T14:32:32.943931+00:00", "level": "DEBUG", "module": "parser", "message": "Parsed Java class: com.xxx.clearing.ClearingService (1 methods)", "class_name": "com.xxx.clearing.ClearingService"}
{"timestamp": "2026-03-30T14:32:32.944213+00:00", "level": "DEBUG", "module": "parser", "message": "Parsed Java class: com.xxx.model.ClearingReport (2 methods)", "class_name": "com.xxx.model.ClearingReport"}
{"timestamp": "2026-03-30T14:32:32.944494+00:00", "level": "DEBUG", "module": "parser", "message": "Parsed XSLT: /var/folders/c3/h4gsm_456jl_7887z1q79n1h0000gn/T/dl_test_d7c1rxe9/src/main/resources/xslt/clearing.xsl (2 templates, 0 imports)"}
{"timestamp": "2026-03-30T14:33:46.250265+00:00", "level": "DEBUG", "module": "parser", "message": "Parsed Java class: com.xxx.clearing.ClearingService (1 methods)", "class_name": "com.xxx.clearing.ClearingService"}
{"timestamp": "2026-03-30T14:33:46.250542+00:00", "level": "DEBUG", "module": "parser", "message": "Parsed Java class: com.xxx.model.ClearingReport (2 methods)", "class_name": "com.xxx.model.ClearingReport"}
{"timestamp": "2026-03-30T14:33:46.250847+00:00", "level": "DEBUG", "module": "parser", "message": "Parsed XSLT: /var/folders/c3/h4gsm_456jl_7887z1q79n1h0000gn/T/dl_test_egfy74z1/src/main/resources/xslt/clearing.xsl (2 templates, 0 imports)"}
{"timestamp": "2026-03-31T03:05:17.034896+00:00", "level": "DEBUG", "module": "parser", "message": "Parsed Java class: com.xxx.clearing.ClearingService (1 methods)", "class_name": "com.xxx.clearing.ClearingService"}
{"timestamp": "2026-03-31T03:05:17.035341+00:00", "level": "DEBUG", "module": "parser", "message": "Parsed Java class: com.xxx.model.ClearingReport (2 methods)", "class_name": "com.xxx.model.ClearingReport"}
{"timestamp": "2026-03-31T03:05:17.035629+00:00", "level": "DEBUG", "module": "parser", "message": "Parsed XSLT: /var/folders/c3/h4gsm_456jl_7887z1q79n1h0000gn/T/dl_test_co2ny_vt/src/main/resources/xslt/clearing.xsl (2 templates, 0 imports)"}
{"timestamp": "2026-03-31T03:08:34.030968+00:00", "level": "DEBUG", "module": "parser", "message": "Parsed Java class: com.xxx.model.ClearingReport (2 methods)", "class_name": "com.xxx.model.ClearingReport"}
{"timestamp": "2026-03-31T03:08:34.031481+00:00", "level": "DEBUG", "module": "parser", "message": "Parsed Java class: com.xxx.clearing.ClearingService (1 methods)", "class_name": "com.xxx.clearing.ClearingService"}
{"timestamp": "2026-03-31T03:08:34.031736+00:00", "level": "DEBUG", "module": "parser", "message": "Parsed XSLT: /var/folders/c3/h4gsm_456jl_7887z1q79n1h0000gn/T/dl_test__5iwfq0c/xslt-module/src/main/resources/xslt/clearing.xsl (2 templates, 0 imports)"}
