{"timestamp": "2026-03-30T09:36:17.489729+00:00", "level": "INFO", "module": "trace", "message": "Starting trace for field 'N_SETTLEMENT_DATE'", "trace_id": "9cb4578e-c72c-47bb-9d97-b004b479e62b", "field_name": "N_SETTLEMENT_DATE"}
{"timestamp": "2026-03-30T09:36:17.490523+00:00", "level": "INFO", "module": "trace", "message": "Building index for 4 repositories"}
{"timestamp": "2026-03-30T09:36:45.773227+00:00", "level": "INFO", "module": "trace", "message": "Starting trace for field 'N_SETTLEMENT_DATE'", "trace_id": "a53bb8bd-0940-4e39-83ba-7a6400727511", "field_name": "N_SETTLEMENT_DATE"}
{"timestamp": "2026-03-30T09:36:45.774113+00:00", "level": "INFO", "module": "trace", "message": "Building index for 4 repositories"}
{"timestamp": "2026-03-30T09:38:16.698075+00:00", "level": "INFO", "module": "trace", "message": "Starting trace for field 'N_SETTLEMENT_DATE'", "trace_id": "9385ea26-d332-456e-96df-4c0d2d1ddb14", "field_name": "N_SETTLEMENT_DATE"}
{"timestamp": "2026-03-30T09:38:16.698981+00:00", "level": "INFO", "module": "trace", "message": "Building index for 4 repositories"}
{"timestamp": "2026-03-30T09:38:16.710964+00:00", "level": "INFO", "module": "trace", "message": "Origin detection: 2 XSLT templates, 0 Java methods", "trace_id": "9385ea26-d332-456e-96df-4c0d2d1ddb14", "field_name": "N_SETTLEMENT_DATE"}
{"timestamp": "2026-03-30T09:38:16.710999+00:00", "level": "INFO", "module": "trace", "message": "Field 'N_SETTLEMENT_DATE' origin detected as: XSLT", "trace_id": "9385ea26-d332-456e-96df-4c0d2d1ddb14", "field_name": "N_SETTLEMENT_DATE"}
{"timestamp": "2026-03-30T09:38:16.711043+00:00", "level": "INFO", "module": "trace", "message": "XSLT trace: found 2 entry templates for field 'N_SETTLEMENT_DATE'", "trace_id": "9385ea26-d332-456e-96df-4c0d2d1ddb14", "field_name": "N_SETTLEMENT_DATE"}
{"timestamp": "2026-03-30T09:38:16.711095+00:00", "level": "INFO", "module": "trace", "message": "XSLT phase: 2 nodes, 0 edges", "trace_id": "9385ea26-d332-456e-96df-4c0d2d1ddb14", "field_name": "N_SETTLEMENT_DATE"}
{"timestamp": "2026-03-30T09:38:16.711127+00:00", "level": "INFO", "module": "trace", "message": "Trace complete: 2 total nodes, 0 total edges", "trace_id": "9385ea26-d332-456e-96df-4c0d2d1ddb14", "field_name": "N_SETTLEMENT_DATE"}
{"timestamp": "2026-03-30T09:38:16.711302+00:00", "level": "DEBUG", "module": "trace", "message": "Graph built: 2 nodes, 0 edges"}
{"timestamp": "2026-03-30T09:38:16.711351+00:00", "level": "INFO", "module": "trace", "message": "Trace complete \u2013 2 nodes, 1 branches", "trace_id": "9385ea26-d332-456e-96df-4c0d2d1ddb14", "field_name": "N_SETTLEMENT_DATE"}
{"timestamp": "2026-03-30T10:46:47.021212+00:00", "level": "INFO", "module": "trace", "message": "Origin detection: 2 XSLT templates, 5 Java methods", "trace_id": "57144f6d-9ebc-4337-a11a-a5db93c56e00", "field_name": "N_CLEARED"}
{"timestamp": "2026-03-30T10:46:47.021343+00:00", "level": "INFO", "module": "trace", "message": "Field 'N_CLEARED' origin detected as: XSLT_THEN_JAVA", "trace_id": "57144f6d-9ebc-4337-a11a-a5db93c56e00", "field_name": "N_CLEARED"}
{"timestamp": "2026-03-30T10:46:47.021383+00:00", "level": "INFO", "module": "trace", "message": "XSLT trace: found 2 entry templates for field 'N_CLEARED'", "trace_id": "57144f6d-9ebc-4337-a11a-a5db93c56e00", "field_name": "N_CLEARED"}
{"timestamp": "2026-03-30T10:46:47.021449+00:00", "level": "DEBUG", "module": "trace", "message": "XSLT loop prevention \u2013 skipping already visited template: setClearedField", "trace_id": "57144f6d-9ebc-4337-a11a-a5db93c56e00", "field_name": "N_CLEARED", "template_name": "setClearedField"}
{"timestamp": "2026-03-30T10:46:47.021479+00:00", "level": "INFO", "module": "trace", "message": "XSLT phase: 2 nodes, 1 edges", "trace_id": "57144f6d-9ebc-4337-a11a-a5db93c56e00", "field_name": "N_CLEARED"}
{"timestamp": "2026-03-30T10:46:47.021556+00:00", "level": "INFO", "module": "trace", "message": "Java trace: found 5 entry methods for field 'N_CLEARED'", "trace_id": "57144f6d-9ebc-4337-a11a-a5db93c56e00", "field_name": "N_CLEARED"}
{"timestamp": "2026-03-30T10:46:47.021768+00:00", "level": "INFO", "module": "trace", "message": "Java phase: 5 nodes, 0 edges", "trace_id": "57144f6d-9ebc-4337-a11a-a5db93c56e00", "field_name": "N_CLEARED"}
{"timestamp": "2026-03-30T10:46:47.021804+00:00", "level": "INFO", "module": "trace", "message": "Trace complete: 7 total nodes, 2 total edges", "trace_id": "57144f6d-9ebc-4337-a11a-a5db93c56e00", "field_name": "N_CLEARED"}
{"timestamp": "2026-03-30T10:46:47.022115+00:00", "level": "DEBUG", "module": "trace", "message": "Graph built: 7 nodes, 2 edges"}
{"timestamp": "2026-03-30T10:46:47.029537+00:00", "level": "INFO", "module": "trace", "message": "Origin detection: 1 XSLT templates, 5 Java methods", "trace_id": "2e9c4df4-831a-4007-b651-ead7875ccc44", "field_name": "N_SETTLEMENT_DATE"}
{"timestamp": "2026-03-30T10:46:47.029568+00:00", "level": "INFO", "module": "trace", "message": "Field 'N_SETTLEMENT_DATE' origin detected as: XSLT_THEN_JAVA", "trace_id": "2e9c4df4-831a-4007-b651-ead7875ccc44", "field_name": "N_SETTLEMENT_DATE"}
{"timestamp": "2026-03-30T10:46:47.029606+00:00", "level": "INFO", "module": "trace", "message": "XSLT trace: found 1 entry templates for field 'N_SETTLEMENT_DATE'", "trace_id": "2e9c4df4-831a-4007-b651-ead7875ccc44", "field_name": "N_SETTLEMENT_DATE"}
{"timestamp": "2026-03-30T10:46:47.029651+00:00", "level": "INFO", "module": "trace", "message": "XSLT phase: 1 nodes, 0 edges", "trace_id": "2e9c4df4-831a-4007-b651-ead7875ccc44", "field_name": "N_SETTLEMENT_DATE"}
{"timestamp": "2026-03-30T10:46:47.029723+00:00", "level": "INFO", "module": "trace", "message": "Java trace: found 5 entry methods for field 'N_SETTLEMENT_DATE'", "trace_id": "2e9c4df4-831a-4007-b651-ead7875ccc44", "field_name": "N_SETTLEMENT_DATE"}
{"timestamp": "2026-03-30T10:46:47.029991+00:00", "level": "INFO", "module": "trace", "message": "Java phase: 5 nodes, 0 edges", "trace_id": "2e9c4df4-831a-4007-b651-ead7875ccc44", "field_name": "N_SETTLEMENT_DATE"}
{"timestamp": "2026-03-30T10:46:47.030018+00:00", "level": "INFO", "module": "trace", "message": "Trace complete: 6 total nodes, 1 total edges", "trace_id": "2e9c4df4-831a-4007-b651-ead7875ccc44", "field_name": "N_SETTLEMENT_DATE"}
{"timestamp": "2026-03-30T10:46:47.030113+00:00", "level": "DEBUG", "module": "trace", "message": "Graph built: 6 nodes, 1 edges"}
{"timestamp": "2026-03-30T10:49:02.850024+00:00", "level": "INFO", "module": "trace", "message": "Origin detection: 2 XSLT templates, 5 Java methods", "trace_id": "d7892ef1-2272-4b96-a4c3-18a692c21fcc", "field_name": "N_CLEARED"}
{"timestamp": "2026-03-30T10:49:02.850186+00:00", "level": "INFO", "module": "trace", "message": "Field 'N_CLEARED' origin detected as: XSLT_THEN_JAVA", "trace_id": "d7892ef1-2272-4b96-a4c3-18a692c21fcc", "field_name": "N_CLEARED"}
{"timestamp": "2026-03-30T10:49:02.850227+00:00", "level": "INFO", "module": "trace", "message": "XSLT trace: found 2 entry templates for field 'N_CLEARED'", "trace_id": "d7892ef1-2272-4b96-a4c3-18a692c21fcc", "field_name": "N_CLEARED"}
{"timestamp": "2026-03-30T10:49:02.850297+00:00", "level": "DEBUG", "module": "trace", "message": "XSLT loop prevention \u2013 skipping already visited template: setClearedField", "trace_id": "d7892ef1-2272-4b96-a4c3-18a692c21fcc", "field_name": "N_CLEARED", "template_name": "setClearedField"}
{"timestamp": "2026-03-30T10:49:02.850329+00:00", "level": "INFO", "module": "trace", "message": "XSLT phase: 2 nodes, 1 edges", "trace_id": "d7892ef1-2272-4b96-a4c3-18a692c21fcc", "field_name": "N_CLEARED"}
{"timestamp": "2026-03-30T10:49:02.850404+00:00", "level": "INFO", "module": "trace", "message": "Java trace: found 5 entry methods for field 'N_CLEARED'", "trace_id": "d7892ef1-2272-4b96-a4c3-18a692c21fcc", "field_name": "N_CLEARED"}
{"timestamp": "2026-03-30T10:49:02.850616+00:00", "level": "INFO", "module": "trace", "message": "Java phase: 5 nodes, 0 edges", "trace_id": "d7892ef1-2272-4b96-a4c3-18a692c21fcc", "field_name": "N_CLEARED"}
{"timestamp": "2026-03-30T10:49:02.850644+00:00", "level": "INFO", "module": "trace", "message": "Trace complete: 7 total nodes, 2 total edges", "trace_id": "d7892ef1-2272-4b96-a4c3-18a692c21fcc", "field_name": "N_CLEARED"}
{"timestamp": "2026-03-30T10:49:02.850942+00:00", "level": "DEBUG", "module": "trace", "message": "Graph built: 7 nodes, 2 edges"}
{"timestamp": "2026-03-30T10:49:02.858040+00:00", "level": "INFO", "module": "trace", "message": "Origin detection: 1 XSLT templates, 5 Java methods", "trace_id": "c59d5920-caa4-47c9-9ab4-2eb5501a9870", "field_name": "N_SETTLEMENT_DATE"}
{"timestamp": "2026-03-30T10:49:02.858070+00:00", "level": "INFO", "module": "trace", "message": "Field 'N_SETTLEMENT_DATE' origin detected as: XSLT_THEN_JAVA", "trace_id": "c59d5920-caa4-47c9-9ab4-2eb5501a9870", "field_name": "N_SETTLEMENT_DATE"}
{"timestamp": "2026-03-30T10:49:02.858107+00:00", "level": "INFO", "module": "trace", "message": "XSLT trace: found 1 entry templates for field 'N_SETTLEMENT_DATE'", "trace_id": "c59d5920-caa4-47c9-9ab4-2eb5501a9870", "field_name": "N_SETTLEMENT_DATE"}
{"timestamp": "2026-03-30T10:49:02.858151+00:00", "level": "INFO", "module": "trace", "message": "XSLT phase: 1 nodes, 0 edges", "trace_id": "c59d5920-caa4-47c9-9ab4-2eb5501a9870", "field_name": "N_SETTLEMENT_DATE"}
{"timestamp": "2026-03-30T10:49:02.858227+00:00", "level": "INFO", "module": "trace", "message": "Java trace: found 5 entry methods for field 'N_SETTLEMENT_DATE'", "trace_id": "c59d5920-caa4-47c9-9ab4-2eb5501a9870", "field_name": "N_SETTLEMENT_DATE"}
{"timestamp": "2026-03-30T10:49:02.858494+00:00", "level": "INFO", "module": "trace", "message": "Java phase: 5 nodes, 0 edges", "trace_id": "c59d5920-caa4-47c9-9ab4-2eb5501a9870", "field_name": "N_SETTLEMENT_DATE"}
{"timestamp": "2026-03-30T10:49:02.858521+00:00", "level": "INFO", "module": "trace", "message": "Trace complete: 6 total nodes, 1 total edges", "trace_id": "c59d5920-caa4-47c9-9ab4-2eb5501a9870", "field_name": "N_SETTLEMENT_DATE"}
{"timestamp": "2026-03-30T10:49:02.858611+00:00", "level": "DEBUG", "module": "trace", "message": "Graph built: 6 nodes, 1 edges"}
{"timestamp": "2026-03-30T14:04:31.116132+00:00", "level": "INFO", "module": "trace", "message": "Origin detection: 2 XSLT templates, 2 Java methods", "trace_id": "1a622823-47b9-4a4d-84c6-7aae414b781f", "field_name": "N_CLEARED"}
{"timestamp": "2026-03-30T14:04:31.116289+00:00", "level": "INFO", "module": "trace", "message": "Field 'N_CLEARED' origin detected as: XSLT_THEN_JAVA", "trace_id": "1a622823-47b9-4a4d-84c6-7aae414b781f", "field_name": "N_CLEARED"}
{"timestamp": "2026-03-30T14:04:31.116328+00:00", "level": "INFO", "module": "trace", "message": "XSLT trace: found 2 entry templates for field 'N_CLEARED'", "trace_id": "1a622823-47b9-4a4d-84c6-7aae414b781f", "field_name": "N_CLEARED"}
{"timestamp": "2026-03-30T14:04:31.116396+00:00", "level": "DEBUG", "module": "trace", "message": "XSLT loop prevention \u2013 skipping already visited template: setClearedField", "trace_id": "1a622823-47b9-4a4d-84c6-7aae414b781f", "field_name": "N_CLEARED", "template_name": "setClearedField"}
{"timestamp": "2026-03-30T14:04:31.116427+00:00", "level": "INFO", "module": "trace", "message": "XSLT phase: 2 nodes, 1 edges", "trace_id": "1a622823-47b9-4a4d-84c6-7aae414b781f", "field_name": "N_CLEARED"}
{"timestamp": "2026-03-30T14:04:31.116484+00:00", "level": "INFO", "module": "trace", "message": "Java trace: found 2 entry methods for field 'N_CLEARED'", "trace_id": "1a622823-47b9-4a4d-84c6-7aae414b781f", "field_name": "N_CLEARED"}
{"timestamp": "2026-03-30T14:04:31.116581+00:00", "level": "INFO", "module": "trace", "message": "Java phase: 2 nodes, 0 edges", "trace_id": "1a622823-47b9-4a4d-84c6-7aae414b781f", "field_name": "N_CLEARED"}
{"timestamp": "2026-03-30T14:04:31.116610+00:00", "level": "INFO", "module": "trace", "message": "Trace complete: 4 total nodes, 2 total edges", "trace_id": "1a622823-47b9-4a4d-84c6-7aae414b781f", "field_name": "N_CLEARED"}
{"timestamp": "2026-03-30T14:04:31.116812+00:00", "level": "DEBUG", "module": "trace", "message": "Graph built: 4 nodes, 2 edges"}
{"timestamp": "2026-03-30T14:04:31.117414+00:00", "level": "INFO", "module": "trace", "message": "Origin detection: 0 XSLT templates, 3 Java methods", "trace_id": "9cac4417-0ee0-48cc-83fe-86ae3bba04ff", "field_name": "N_SETTLEMENT_DATE"}
{"timestamp": "2026-03-30T14:04:31.117450+00:00", "level": "INFO", "module": "trace", "message": "Field 'N_SETTLEMENT_DATE' origin detected as: JAVA", "trace_id": "9cac4417-0ee0-48cc-83fe-86ae3bba04ff", "field_name": "N_SETTLEMENT_DATE"}
{"timestamp": "2026-03-30T14:04:31.117501+00:00", "level": "INFO", "module": "trace", "message": "Java trace: found 3 entry methods for field 'N_SETTLEMENT_DATE'", "trace_id": "9cac4417-0ee0-48cc-83fe-86ae3bba04ff", "field_name": "N_SETTLEMENT_DATE"}
{"timestamp": "2026-03-30T14:04:31.117601+00:00", "level": "INFO", "module": "trace", "message": "Java phase: 3 nodes, 0 edges", "trace_id": "9cac4417-0ee0-48cc-83fe-86ae3bba04ff", "field_name": "N_SETTLEMENT_DATE"}
{"timestamp": "2026-03-30T14:04:31.117629+00:00", "level": "INFO", "module": "trace", "message": "Trace complete: 3 total nodes, 0 total edges", "trace_id": "9cac4417-0ee0-48cc-83fe-86ae3bba04ff", "field_name": "N_SETTLEMENT_DATE"}
{"timestamp": "2026-03-30T14:04:31.117690+00:00", "level": "DEBUG", "module": "trace", "message": "Graph built: 3 nodes, 0 edges"}
{"timestamp": "2026-03-30T14:23:32.354290+00:00", "level": "INFO", "module": "trace", "message": "Origin detection: 2 XSLT templates, 2 Java methods", "trace_id": "d97e9544-3e43-4ce9-b591-02296f7d1c31", "field_name": "N_CLEARED"}
{"timestamp": "2026-03-30T14:23:32.354480+00:00", "level": "INFO", "module": "trace", "message": "Field 'N_CLEARED' origin detected as: XSLT_THEN_JAVA", "trace_id": "d97e9544-3e43-4ce9-b591-02296f7d1c31", "field_name": "N_CLEARED"}
{"timestamp": "2026-03-30T14:23:32.354518+00:00", "level": "INFO", "module": "trace", "message": "XSLT trace: found 2 entry templates for field 'N_CLEARED'", "trace_id": "d97e9544-3e43-4ce9-b591-02296f7d1c31", "field_name": "N_CLEARED"}
{"timestamp": "2026-03-30T14:23:32.354587+00:00", "level": "DEBUG", "module": "trace", "message": "XSLT loop prevention \u2013 skipping already visited template: setClearedField", "trace_id": "d97e9544-3e43-4ce9-b591-02296f7d1c31", "field_name": "N_CLEARED", "template_name": "setClearedField"}
{"timestamp": "2026-03-30T14:23:32.354618+00:00", "level": "INFO", "module": "trace", "message": "XSLT phase: 2 nodes, 1 edges", "trace_id": "d97e9544-3e43-4ce9-b591-02296f7d1c31", "field_name": "N_CLEARED"}
{"timestamp": "2026-03-30T14:23:32.354674+00:00", "level": "INFO", "module": "trace", "message": "Java trace: found 2 entry methods for field 'N_CLEARED'", "trace_id": "d97e9544-3e43-4ce9-b591-02296f7d1c31", "field_name": "N_CLEARED"}
{"timestamp": "2026-03-30T14:23:32.354762+00:00", "level": "INFO", "module": "trace", "message": "Java phase: 2 nodes, 0 edges", "trace_id": "d97e9544-3e43-4ce9-b591-02296f7d1c31", "field_name": "N_CLEARED"}
{"timestamp": "2026-03-30T14:23:32.354790+00:00", "level": "INFO", "module": "trace", "message": "Trace complete: 4 total nodes, 2 total edges", "trace_id": "d97e9544-3e43-4ce9-b591-02296f7d1c31", "field_name": "N_CLEARED"}
{"timestamp": "2026-03-30T14:23:32.354994+00:00", "level": "DEBUG", "module": "trace", "message": "Graph built: 4 nodes, 2 edges"}
{"timestamp": "2026-03-30T14:24:00.690635+00:00", "level": "INFO", "module": "trace", "message": "Origin detection: 2 XSLT templates, 2 Java methods", "trace_id": "350a106a-e57b-4550-9c7c-dcb4f4f1a2fa", "field_name": "N_CLEARED"}
{"timestamp": "2026-03-30T14:24:00.690673+00:00", "level": "INFO", "module": "trace", "message": "Field 'N_CLEARED' origin detected as: XSLT_THEN_JAVA", "trace_id": "350a106a-e57b-4550-9c7c-dcb4f4f1a2fa", "field_name": "N_CLEARED"}
{"timestamp": "2026-03-30T14:24:00.690709+00:00", "level": "INFO", "module": "trace", "message": "XSLT trace: found 2 entry templates for field 'N_CLEARED'", "trace_id": "350a106a-e57b-4550-9c7c-dcb4f4f1a2fa", "field_name": "N_CLEARED"}
{"timestamp": "2026-03-30T14:24:00.690777+00:00", "level": "DEBUG", "module": "trace", "message": "XSLT loop prevention \u2013 skipping already visited template: setClearedField", "trace_id": "350a106a-e57b-4550-9c7c-dcb4f4f1a2fa", "field_name": "N_CLEARED", "template_name": "setClearedField"}
{"timestamp": "2026-03-30T14:24:00.690819+00:00", "level": "INFO", "module": "trace", "message": "XSLT phase: 2 nodes, 1 edges", "trace_id": "350a106a-e57b-4550-9c7c-dcb4f4f1a2fa", "field_name": "N_CLEARED"}
{"timestamp": "2026-03-30T14:24:00.690871+00:00", "level": "INFO", "module": "trace", "message": "Java trace: found 2 entry methods for field 'N_CLEARED'", "trace_id": "350a106a-e57b-4550-9c7c-dcb4f4f1a2fa", "field_name": "N_CLEARED"}
{"timestamp": "2026-03-30T14:24:00.690963+00:00", "level": "INFO", "module": "trace", "message": "Java phase: 2 nodes, 0 edges", "trace_id": "350a106a-e57b-4550-9c7c-dcb4f4f1a2fa", "field_name": "N_CLEARED"}
{"timestamp": "2026-03-30T14:24:00.690990+00:00", "level": "INFO", "module": "trace", "message": "Trace complete: 4 total nodes, 2 total edges", "trace_id": "350a106a-e57b-4550-9c7c-dcb4f4f1a2fa", "field_name": "N_CLEARED"}
{"timestamp": "2026-03-30T14:24:00.691179+00:00", "level": "DEBUG", "module": "trace", "message": "Graph built: 4 nodes, 2 edges"}
{"timestamp": "2026-03-30T14:25:18.380911+00:00", "level": "INFO", "module": "trace", "message": "Origin detection: 2 XSLT templates, 2 Java methods", "trace_id": "1bddcb7d-e59a-4737-9c1a-f03779105f1e", "field_name": "N_CLEARED"}
{"timestamp": "2026-03-30T14:25:18.380946+00:00", "level": "INFO", "module": "trace", "message": "Field 'N_CLEARED' origin detected as: XSLT_THEN_JAVA", "trace_id": "1bddcb7d-e59a-4737-9c1a-f03779105f1e", "field_name": "N_CLEARED"}
{"timestamp": "2026-03-30T14:25:18.380981+00:00", "level": "INFO", "module": "trace", "message": "XSLT trace: found 2 entry templates for field 'N_CLEARED'", "trace_id": "1bddcb7d-e59a-4737-9c1a-f03779105f1e", "field_name": "N_CLEARED"}
{"timestamp": "2026-03-30T14:25:18.381047+00:00", "level": "DEBUG", "module": "trace", "message": "XSLT loop prevention \u2013 skipping already visited template: setClearedField", "trace_id": "1bddcb7d-e59a-4737-9c1a-f03779105f1e", "field_name": "N_CLEARED", "template_name": "setClearedField"}
{"timestamp": "2026-03-30T14:25:18.381076+00:00", "level": "INFO", "module": "trace", "message": "XSLT phase: 2 nodes, 1 edges", "trace_id": "1bddcb7d-e59a-4737-9c1a-f03779105f1e", "field_name": "N_CLEARED"}
{"timestamp": "2026-03-30T14:25:18.381130+00:00", "level": "INFO", "module": "trace", "message": "Java trace: found 2 entry methods for field 'N_CLEARED'", "trace_id": "1bddcb7d-e59a-4737-9c1a-f03779105f1e", "field_name": "N_CLEARED"}
{"timestamp": "2026-03-30T14:25:18.381214+00:00", "level": "INFO", "module": "trace", "message": "Java phase: 2 nodes, 0 edges", "trace_id": "1bddcb7d-e59a-4737-9c1a-f03779105f1e", "field_name": "N_CLEARED"}
{"timestamp": "2026-03-30T14:25:18.381241+00:00", "level": "INFO", "module": "trace", "message": "Trace complete: 4 total nodes, 2 total edges", "trace_id": "1bddcb7d-e59a-4737-9c1a-f03779105f1e", "field_name": "N_CLEARED"}
{"timestamp": "2026-03-30T14:25:18.381425+00:00", "level": "DEBUG", "module": "trace", "message": "Graph built: 4 nodes, 2 edges"}
{"timestamp": "2026-03-30T14:25:18.396696+00:00", "level": "INFO", "module": "trace", "message": "Origin detection: 0 XSLT templates, 3 Java methods", "trace_id": "55d9d3c3-380c-40a9-8611-b70b5e17a804", "field_name": "N_SETTLEMENT_DATE"}
{"timestamp": "2026-03-30T14:25:18.396729+00:00", "level": "INFO", "module": "trace", "message": "Field 'N_SETTLEMENT_DATE' origin detected as: JAVA", "trace_id": "55d9d3c3-380c-40a9-8611-b70b5e17a804", "field_name": "N_SETTLEMENT_DATE"}
{"timestamp": "2026-03-30T14:25:18.396782+00:00", "level": "INFO", "module": "trace", "message": "Java trace: found 3 entry methods for field 'N_SETTLEMENT_DATE'", "trace_id": "55d9d3c3-380c-40a9-8611-b70b5e17a804", "field_name": "N_SETTLEMENT_DATE"}
{"timestamp": "2026-03-30T14:25:18.396887+00:00", "level": "INFO", "module": "trace", "message": "Java phase: 3 nodes, 0 edges", "trace_id": "55d9d3c3-380c-40a9-8611-b70b5e17a804", "field_name": "N_SETTLEMENT_DATE"}
{"timestamp": "2026-03-30T14:25:18.396915+00:00", "level": "INFO", "module": "trace", "message": "Trace complete: 3 total nodes, 0 total edges", "trace_id": "55d9d3c3-380c-40a9-8611-b70b5e17a804", "field_name": "N_SETTLEMENT_DATE"}
{"timestamp": "2026-03-30T14:25:18.396989+00:00", "level": "DEBUG", "module": "trace", "message": "Graph built: 3 nodes, 0 edges"}
{"timestamp": "2026-03-30T14:32:26.197250+00:00", "level": "INFO", "module": "trace", "message": "Origin detection: 2 XSLT templates, 2 Java methods", "trace_id": "1de9b619-cf78-45d1-a2ee-3ab9fc53a36a", "field_name": "N_CLEARED"}
{"timestamp": "2026-03-30T14:32:26.197288+00:00", "level": "INFO", "module": "trace", "message": "Field 'N_CLEARED' origin detected as: XSLT_THEN_JAVA", "trace_id": "1de9b619-cf78-45d1-a2ee-3ab9fc53a36a", "field_name": "N_CLEARED"}
{"timestamp": "2026-03-30T14:32:26.197323+00:00", "level": "INFO", "module": "trace", "message": "XSLT trace: found 2 entry templates for field 'N_CLEARED'", "trace_id": "1de9b619-cf78-45d1-a2ee-3ab9fc53a36a", "field_name": "N_CLEARED"}
{"timestamp": "2026-03-30T14:32:26.197388+00:00", "level": "DEBUG", "module": "trace", "message": "XSLT loop prevention \u2013 skipping already visited template: setClearedField", "trace_id": "1de9b619-cf78-45d1-a2ee-3ab9fc53a36a", "field_name": "N_CLEARED", "template_name": "setClearedField"}
{"timestamp": "2026-03-30T14:32:26.197418+00:00", "level": "INFO", "module": "trace", "message": "XSLT phase: 2 nodes, 1 edges", "trace_id": "1de9b619-cf78-45d1-a2ee-3ab9fc53a36a", "field_name": "N_CLEARED"}
{"timestamp": "2026-03-30T14:32:26.197472+00:00", "level": "INFO", "module": "trace", "message": "Java trace: found 2 entry methods for field 'N_CLEARED'", "trace_id": "1de9b619-cf78-45d1-a2ee-3ab9fc53a36a", "field_name": "N_CLEARED"}
{"timestamp": "2026-03-30T14:32:26.197558+00:00", "level": "INFO", "module": "trace", "message": "Java phase: 2 nodes, 0 edges", "trace_id": "1de9b619-cf78-45d1-a2ee-3ab9fc53a36a", "field_name": "N_CLEARED"}
{"timestamp": "2026-03-30T14:32:26.197586+00:00", "level": "INFO", "module": "trace", "message": "Trace complete: 4 total nodes, 2 total edges", "trace_id": "1de9b619-cf78-45d1-a2ee-3ab9fc53a36a", "field_name": "N_CLEARED"}
{"timestamp": "2026-03-30T14:32:26.197786+00:00", "level": "DEBUG", "module": "trace", "message": "Graph built: 4 nodes, 2 edges"}
{"timestamp": "2026-03-30T14:32:32.945043+00:00", "level": "INFO", "module": "trace", "message": "Origin detection: 2 XSLT templates, 2 Java methods", "trace_id": "27adf623-9e53-4c9a-ab42-5ecda40411ee", "field_name": "N_CLEARED"}
{"timestamp": "2026-03-30T14:32:32.945081+00:00", "level": "INFO", "module": "trace", "message": "Field 'N_CLEARED' origin detected as: XSLT_THEN_JAVA", "trace_id": "27adf623-9e53-4c9a-ab42-5ecda40411ee", "field_name": "N_CLEARED"}
{"timestamp": "2026-03-30T14:32:32.945119+00:00", "level": "INFO", "module": "trace", "message": "XSLT trace: found 2 entry templates for field 'N_CLEARED'", "trace_id": "27adf623-9e53-4c9a-ab42-5ecda40411ee", "field_name": "N_CLEARED"}
{"timestamp": "2026-03-30T14:32:32.945184+00:00", "level": "DEBUG", "module": "trace", "message": "XSLT loop prevention \u2013 skipping already visited template: setClearedField", "trace_id": "27adf623-9e53-4c9a-ab42-5ecda40411ee", "field_name": "N_CLEARED", "template_name": "setClearedField"}
{"timestamp": "2026-03-30T14:32:32.945214+00:00", "level": "INFO", "module": "trace", "message": "XSLT phase: 2 nodes, 1 edges", "trace_id": "27adf623-9e53-4c9a-ab42-5ecda40411ee", "field_name": "N_CLEARED"}
{"timestamp": "2026-03-30T14:32:32.945267+00:00", "level": "INFO", "module": "trace", "message": "Java trace: found 2 entry methods for field 'N_CLEARED'", "trace_id": "27adf623-9e53-4c9a-ab42-5ecda40411ee", "field_name": "N_CLEARED"}
{"timestamp": "2026-03-30T14:32:32.945352+00:00", "level": "INFO", "module": "trace", "message": "Java phase: 2 nodes, 0 edges", "trace_id": "27adf623-9e53-4c9a-ab42-5ecda40411ee", "field_name": "N_CLEARED"}
{"timestamp": "2026-03-30T14:32:32.945379+00:00", "level": "INFO", "module": "trace", "message": "Trace complete: 4 total nodes, 2 total edges", "trace_id": "27adf623-9e53-4c9a-ab42-5ecda40411ee", "field_name": "N_CLEARED"}
{"timestamp": "2026-03-30T14:32:32.945599+00:00", "level": "DEBUG", "module": "trace", "message": "Graph built: 4 nodes, 2 edges"}
{"timestamp": "2026-03-30T14:33:46.251447+00:00", "level": "INFO", "module": "trace", "message": "Origin detection: 2 XSLT templates, 2 Java methods", "trace_id": "7abcf2bd-153f-4abf-95dd-227a19eb1d54", "field_name": "N_CLEARED"}
{"timestamp": "2026-03-30T14:33:46.251487+00:00", "level": "INFO", "module": "trace", "message": "Field 'N_CLEARED' origin detected as: XSLT_THEN_JAVA", "trace_id": "7abcf2bd-153f-4abf-95dd-227a19eb1d54", "field_name": "N_CLEARED"}
{"timestamp": "2026-03-30T14:33:46.251526+00:00", "level": "INFO", "module": "trace", "message": "XSLT trace: found 2 entry templates for field 'N_CLEARED'", "trace_id": "7abcf2bd-153f-4abf-95dd-227a19eb1d54", "field_name": "N_CLEARED"}
{"timestamp": "2026-03-30T14:33:46.251591+00:00", "level": "DEBUG", "module": "trace", "message": "XSLT loop prevention \u2013 skipping already visited template: setClearedField", "trace_id": "7abcf2bd-153f-4abf-95dd-227a19eb1d54", "field_name": "N_CLEARED", "template_name": "setClearedField"}
{"timestamp": "2026-03-30T14:33:46.251622+00:00", "level": "INFO", "module": "trace", "message": "XSLT phase: 2 nodes, 1 edges", "trace_id": "7abcf2bd-153f-4abf-95dd-227a19eb1d54", "field_name": "N_CLEARED"}
{"timestamp": "2026-03-30T14:33:46.251679+00:00", "level": "INFO", "module": "trace", "message": "Java trace: found 2 entry methods for field 'N_CLEARED'", "trace_id": "7abcf2bd-153f-4abf-95dd-227a19eb1d54", "field_name": "N_CLEARED"}
{"timestamp": "2026-03-30T14:33:46.251766+00:00", "level": "INFO", "module": "trace", "message": "Java phase: 2 nodes, 0 edges", "trace_id": "7abcf2bd-153f-4abf-95dd-227a19eb1d54", "field_name": "N_CLEARED"}
{"timestamp": "2026-03-30T14:33:46.251801+00:00", "level": "INFO", "module": "trace", "message": "Trace complete: 4 total nodes, 2 total edges", "trace_id": "7abcf2bd-153f-4abf-95dd-227a19eb1d54", "field_name": "N_CLEARED"}
{"timestamp": "2026-03-30T14:33:46.251996+00:00", "level": "DEBUG", "module": "trace", "message": "Graph built: 4 nodes, 2 edges"}
{"timestamp": "2026-03-30T14:33:46.282140+00:00", "level": "INFO", "module": "trace", "message": "Origin detection: 0 XSLT templates, 3 Java methods", "trace_id": "dac55cd3-f085-4e67-b367-0e19d2376570", "field_name": "N_SETTLEMENT_DATE"}
{"timestamp": "2026-03-30T14:33:46.282179+00:00", "level": "INFO", "module": "trace", "message": "Field 'N_SETTLEMENT_DATE' origin detected as: JAVA", "trace_id": "dac55cd3-f085-4e67-b367-0e19d2376570", "field_name": "N_SETTLEMENT_DATE"}
{"timestamp": "2026-03-30T14:33:46.282235+00:00", "level": "INFO", "module": "trace", "message": "Java trace: found 3 entry methods for field 'N_SETTLEMENT_DATE'", "trace_id": "dac55cd3-f085-4e67-b367-0e19d2376570", "field_name": "N_SETTLEMENT_DATE"}
{"timestamp": "2026-03-30T14:33:46.282349+00:00", "level": "INFO", "module": "trace", "message": "Java phase: 3 nodes, 0 edges", "trace_id": "dac55cd3-f085-4e67-b367-0e19d2376570", "field_name": "N_SETTLEMENT_DATE"}
{"timestamp": "2026-03-30T14:33:46.282379+00:00", "level": "INFO", "module": "trace", "message": "Trace complete: 3 total nodes, 0 total edges", "trace_id": "dac55cd3-f085-4e67-b367-0e19d2376570", "field_name": "N_SETTLEMENT_DATE"}
{"timestamp": "2026-03-30T14:33:46.282461+00:00", "level": "DEBUG", "module": "trace", "message": "Graph built: 3 nodes, 0 edges"}
{"timestamp": "2026-03-31T03:05:17.036172+00:00", "level": "INFO", "module": "trace", "message": "Origin detection: 2 XSLT templates, 2 Java methods", "trace_id": "0789c86f-49eb-4876-874f-e5a472b5d451", "field_name": "N_CLEARED"}
{"timestamp": "2026-03-31T03:05:17.036353+00:00", "level": "INFO", "module": "trace", "message": "Field 'N_CLEARED' origin detected as: XSLT_THEN_JAVA", "trace_id": "0789c86f-49eb-4876-874f-e5a472b5d451", "field_name": "N_CLEARED"}
{"timestamp": "2026-03-31T03:05:17.036390+00:00", "level": "INFO", "module": "trace", "message": "XSLT trace: found 2 entry templates for field 'N_CLEARED'", "trace_id": "0789c86f-49eb-4876-874f-e5a472b5d451", "field_name": "N_CLEARED"}
{"timestamp": "2026-03-31T03:05:17.036459+00:00", "level": "DEBUG", "module": "trace", "message": "XSLT loop prevention \u2013 skipping already visited template: setClearedField", "trace_id": "0789c86f-49eb-4876-874f-e5a472b5d451", "field_name": "N_CLEARED", "template_name": "setClearedField"}
{"timestamp": "2026-03-31T03:05:17.036488+00:00", "level": "INFO", "module": "trace", "message": "XSLT phase: 2 nodes, 1 edges", "trace_id": "0789c86f-49eb-4876-874f-e5a472b5d451", "field_name": "N_CLEARED"}
{"timestamp": "2026-03-31T03:05:17.036541+00:00", "level": "INFO", "module": "trace", "message": "Java trace: found 2 entry methods for field 'N_CLEARED'", "trace_id": "0789c86f-49eb-4876-874f-e5a472b5d451", "field_name": "N_CLEARED"}
{"timestamp": "2026-03-31T03:05:17.036630+00:00", "level": "INFO", "module": "trace", "message": "Java phase: 2 nodes, 0 edges", "trace_id": "0789c86f-49eb-4876-874f-e5a472b5d451", "field_name": "N_CLEARED"}
{"timestamp": "2026-03-31T03:05:17.036657+00:00", "level": "INFO", "module": "trace", "message": "Trace complete: 4 total nodes, 2 total edges", "trace_id": "0789c86f-49eb-4876-874f-e5a472b5d451", "field_name": "N_CLEARED"}
{"timestamp": "2026-03-31T03:05:17.036842+00:00", "level": "DEBUG", "module": "trace", "message": "Graph built: 4 nodes, 2 edges"}
{"timestamp": "2026-03-31T03:05:17.036987+00:00", "level": "INFO", "module": "trace", "message": "Origin detection: 0 XSLT templates, 3 Java methods", "trace_id": "620e4d08-3c82-4286-9ec9-f0e18892e938", "field_name": "N_SETTLEMENT_DATE"}
{"timestamp": "2026-03-31T03:05:17.037015+00:00", "level": "INFO", "module": "trace", "message": "Field 'N_SETTLEMENT_DATE' origin detected as: JAVA", "trace_id": "620e4d08-3c82-4286-9ec9-f0e18892e938", "field_name": "N_SETTLEMENT_DATE"}
{"timestamp": "2026-03-31T03:05:17.037064+00:00", "level": "INFO", "module": "trace", "message": "Java trace: found 3 entry methods for field 'N_SETTLEMENT_DATE'", "trace_id": "620e4d08-3c82-4286-9ec9-f0e18892e938", "field_name": "N_SETTLEMENT_DATE"}
{"timestamp": "2026-03-31T03:05:17.037159+00:00", "level": "INFO", "module": "trace", "message": "Java phase: 3 nodes, 0 edges", "trace_id": "620e4d08-3c82-4286-9ec9-f0e18892e938", "field_name": "N_SETTLEMENT_DATE"}
{"timestamp": "2026-03-31T03:05:17.037185+00:00", "level": "INFO", "module": "trace", "message": "Trace complete: 3 total nodes, 0 total edges", "trace_id": "620e4d08-3c82-4286-9ec9-f0e18892e938", "field_name": "N_SETTLEMENT_DATE"}
{"timestamp": "2026-03-31T03:05:17.037301+00:00", "level": "DEBUG", "module": "trace", "message": "Graph built: 3 nodes, 0 edges"}
{"timestamp": "2026-03-31T03:08:34.032276+00:00", "level": "INFO", "module": "trace", "message": "Origin detection: 2 XSLT templates, 2 Java methods", "trace_id": "c2c78c59-de2e-4c2f-85fe-8c35126cd4e4", "field_name": "N_CLEARED"}
{"timestamp": "2026-03-31T03:08:34.032423+00:00", "level": "INFO", "module": "trace", "message": "Field 'N_CLEARED' origin detected as: XSLT_THEN_JAVA", "trace_id": "c2c78c59-de2e-4c2f-85fe-8c35126cd4e4", "field_name": "N_CLEARED"}
{"timestamp": "2026-03-31T03:08:34.032459+00:00", "level": "INFO", "module": "trace", "message": "XSLT trace: found 2 entry templates for field 'N_CLEARED'", "trace_id": "c2c78c59-de2e-4c2f-85fe-8c35126cd4e4", "field_name": "N_CLEARED"}
{"timestamp": "2026-03-31T03:08:34.032525+00:00", "level": "DEBUG", "module": "trace", "message": "XSLT loop prevention \u2013 skipping already visited template: setClearedField", "trace_id": "c2c78c59-de2e-4c2f-85fe-8c35126cd4e4", "field_name": "N_CLEARED", "template_name": "setClearedField"}
{"timestamp": "2026-03-31T03:08:34.032555+00:00", "level": "INFO", "module": "trace", "message": "XSLT phase: 2 nodes, 1 edges", "trace_id": "c2c78c59-de2e-4c2f-85fe-8c35126cd4e4", "field_name": "N_CLEARED"}
{"timestamp": "2026-03-31T03:08:34.032611+00:00", "level": "INFO", "module": "trace", "message": "Java trace: found 2 entry methods for field 'N_CLEARED'", "trace_id": "c2c78c59-de2e-4c2f-85fe-8c35126cd4e4", "field_name": "N_CLEARED"}
{"timestamp": "2026-03-31T03:08:34.032700+00:00", "level": "INFO", "module": "trace", "message": "Java phase: 2 nodes, 0 edges", "trace_id": "c2c78c59-de2e-4c2f-85fe-8c35126cd4e4", "field_name": "N_CLEARED"}
{"timestamp": "2026-03-31T03:08:34.032726+00:00", "level": "INFO", "module": "trace", "message": "Trace complete: 4 total nodes, 2 total edges", "trace_id": "c2c78c59-de2e-4c2f-85fe-8c35126cd4e4", "field_name": "N_CLEARED"}
{"timestamp": "2026-03-31T03:08:34.032917+00:00", "level": "DEBUG", "module": "trace", "message": "Graph built: 4 nodes, 2 edges"}
{"timestamp": "2026-03-31T03:08:34.033061+00:00", "level": "INFO", "module": "trace", "message": "Origin detection: 0 XSLT templates, 3 Java methods", "trace_id": "df340983-95b0-4137-ba73-abe09399c9d1", "field_name": "N_SETTLEMENT_DATE"}
{"timestamp": "2026-03-31T03:08:34.033089+00:00", "level": "INFO", "module": "trace", "message": "Field 'N_SETTLEMENT_DATE' origin detected as: JAVA", "trace_id": "df340983-95b0-4137-ba73-abe09399c9d1", "field_name": "N_SETTLEMENT_DATE"}
{"timestamp": "2026-03-31T03:08:34.033138+00:00", "level": "INFO", "module": "trace", "message": "Java trace: found 3 entry methods for field 'N_SETTLEMENT_DATE'", "trace_id": "df340983-95b0-4137-ba73-abe09399c9d1", "field_name": "N_SETTLEMENT_DATE"}
{"timestamp": "2026-03-31T03:08:34.033235+00:00", "level": "INFO", "module": "trace", "message": "Java phase: 3 nodes, 0 edges", "trace_id": "df340983-95b0-4137-ba73-abe09399c9d1", "field_name": "N_SETTLEMENT_DATE"}
{"timestamp": "2026-03-31T03:08:34.033262+00:00", "level": "INFO", "module": "trace", "message": "Trace complete: 3 total nodes, 0 total edges", "trace_id": "df340983-95b0-4137-ba73-abe09399c9d1", "field_name": "N_SETTLEMENT_DATE"}
{"timestamp": "2026-03-31T03:08:34.033321+00:00", "level": "DEBUG", "module": "trace", "message": "Graph built: 3 nodes, 0 edges"}
